<?xml version="1.0" encoding="UTF-8"?>
<!-- Generated by org.testng.reporters.JUnitReportReporter -->
<testsuite skipped="0" hostname="IXBD4Y1B3" name="RestAssuredAPITesting.PostAPIRequest" tests="1" failures="0" timestamp="2022-06-08T11:25:07 IST" time="2.993" errors="0">
  <testcase name="TC1_PostMethod_ValidCredentials" time="2.993" classname="RestAssuredAPITesting.PostAPIRequest"/>
  <system-out/>
</testsuite> <!-- RestAssuredAPITesting.PostAPIRequest -->
