<?xml version="1.0" encoding="UTF-8"?>
<!-- Generated by org.testng.reporters.JUnitReportReporter -->
<testsuite skipped="0" hostname="IXBD4Y1B3" name="RestAssuredAPITesting.PutAPIRequest" tests="3" failures="0" timestamp="2022-06-08T11:25:07 IST" time="1.934" errors="0">
  <testcase name="TC3_PutRequest_NewRequest" time="0.582" classname="RestAssuredAPITesting.PutAPIRequest"/>
  <system-out/>
  <testcase name="TC2_PutRequest_ModifiedRequest" time="0.505" classname="RestAssuredAPITesting.PutAPIRequest"/>
  <system-out/>
  <testcase name="TC1_PutRequest_ExistingRequest" time="0.847" classname="RestAssuredAPITesting.PutAPIRequest"/>
  <system-out/>
</testsuite> <!-- RestAssuredAPITesting.PutAPIRequest -->
