<?xml version="1.0" encoding="UTF-8"?>
<!-- Generated by org.testng.reporters.JUnitReportReporter -->
<testsuite skipped="0" hostname="IXBD4Y1B3" name="APIDemoproject.APIDemoproject.PostAPIRequest" tests="4" failures="0" timestamp="2022-06-06T15:00:40 IST" time="5.504" errors="0">
  <testcase name="TC4_PostMethod_EmptyPayload" time="0.713" classname="APIDemoproject.APIDemoproject.PostAPIRequest"/>
  <system-out/>
  <testcase name="TC3_PostMethod_EmptyPassword" time="0.673" classname="APIDemoproject.APIDemoproject.PostAPIRequest"/>
  <system-out/>
  <testcase name="TC1_PostMethod_ValidCredentials" time="2.740" classname="APIDemoproject.APIDemoproject.PostAPIRequest"/>
  <system-out/>
  <testcase name="TC2_PostMethod_EmptyEmail" time="1.378" classname="APIDemoproject.APIDemoproject.PostAPIRequest"/>
  <system-out/>
</testsuite> <!-- APIDemoproject.APIDemoproject.PostAPIRequest -->
