<?xml version="1.0" encoding="UTF-8"?>
<!-- Generated by org.testng.reporters.JUnitReportReporter -->
<testsuite skipped="0" hostname="IXBD4Y1B3" name="APIDemoproject.APIDemoproject.PutAPIRequest" tests="3" failures="0" timestamp="2022-06-06T15:13:08 IST" time="4.292" errors="0">
  <testcase name="TC2_PutRequest_ModifiedRequest" time="0.707" classname="APIDemoproject.APIDemoproject.PutAPIRequest"/>
  <system-out/>
  <testcase name="TC1_PutRequest_ExistingRequest" time="2.912" classname="APIDemoproject.APIDemoproject.PutAPIRequest"/>
  <system-out/>
  <testcase name="TC3_PutRequest_NewRequest" time="0.673" classname="APIDemoproject.APIDemoproject.PutAPIRequest"/>
  <system-out/>
</testsuite> <!-- APIDemoproject.APIDemoproject.PutAPIRequest -->
