<?xml version="1.0" encoding="UTF-8"?>
<!-- Generated by org.testng.reporters.JUnitReportReporter -->
<testsuite skipped="0" hostname="IXBD4Y1B3" name="APIDemoproject.APIDemoproject.GetAPIRequest" tests="1" failures="0" timestamp="2022-06-06T15:02:08 IST" time="2.530" errors="0">
  <testcase name="TC1_GetMethodRequests" time="2.530" classname="APIDemoproject.APIDemoproject.GetAPIRequest"/>
  <system-out/>
</testsuite> <!-- APIDemoproject.APIDemoproject.GetAPIRequest -->
