<?xml version="1.0" encoding="UTF-8"?>
<!-- Generated by org.testng.reporters.JUnitReportReporter -->
<testsuite skipped="0" hostname="IXBD4Y1B3" name="RestAssuredAPITesting.GetAPIRequest" tests="1" failures="0" timestamp="2022-06-08T11:25:07 IST" time="1.675" errors="0">
  <testcase name="GetMethodRequests" time="1.675" classname="RestAssuredAPITesting.GetAPIRequest"/>
  <system-out/>
</testsuite> <!-- RestAssuredAPITesting.GetAPIRequest -->
